#
# A fatal error has been detected by the Java Runtime Environment:
#
#  EXCEPTION_ACCESS_VIOLATION (0xc0000005) at pc=0x00007ffd3408697c, pid=16720, tid=0x0000000000006348
#
# JRE version: Java(TM) SE Runtime Environment (8.0_161-b12) (build 1.8.0_161-b12)
# Java VM: Java HotSpot(TM) 64-Bit Server VM (25.161-b12 mixed mode windows-amd64 compressed oops)
# Problematic frame:
# C  0x00007ffd3408697c
#
# Failed to write core dump. Minidumps are not enabled by default on client versions of Windows
#
# If you would like to submit a bug report, please visit:
#   http://bugreport.java.com/bugreport/crash.jsp
# The crash happened outside the Java Virtual Machine in native code.
# See problematic frame for where to report the bug.
#

---------------  T H R E A D  ---------------

Current thread (0x0000000002423800):  JavaThread "main" [_thread_in_native, id=25416, stack(0x0000000002230000,0x0000000002330000)]

siginfo: ExceptionCode=0xc0000005, ExceptionInformation=0x0000000000000008 0x00007ffd3408697c

Registers:
RAX=0x0000000000000000, RBX=0x00000000005e5460, RCX=0x00007ffd616119c4, RDX=0x0000000000000000
RSP=0x000000000232ea90, RBP=0x000000007cb21c1f, RSI=0x0000000000000000, RDI=0x0000000000000000
R8 =0x000000000232ea88, R9 =0x000000007cb21c1f, R10=0x0000000000000000, R11=0x0000000000000246
R12=0x0000000000000000, R13=0x000000001bc04610, R14=0x000000000232ebf8, R15=0x0000000002423800
RIP=0x00007ffd3408697c, EFLAGS=0x0000000000010246

Top of Stack: (sp=0x000000000232ea90)
0x000000000232ea90:   00000000005e5460 0000000000000000
0x000000000232eaa0:   000000005e311a18 000000001ef77e30
0x000000000232eab0:   00000000005e54b8 000000007cb21c1f
0x000000000232eac0:   00000000005e5468 0000000000000000
0x000000000232ead0:   0000000000000002 000000005e1ee110
0x000000000232eae0:   0000000000000000 000000001efbf910
0x000000000232eaf0:   000000000232ebf8 000000000232eb68
0x000000000232eb00:   0000000000000000 000000005e1f28d4
0x000000000232eb10:   000000001eff0a80 0000000000000000
0x000000000232eb20:   0000000000000020 000000000232eb28
0x000000000232eb30:   0000000000000020 0000000002538c67
0x000000000232eb40:   000000001bc04610 000000000232ebc0
0x000000000232eb50:   0000000021000021 0000000000000000
0x000000000232eb60:   0000000000000020 000000000232ebd8
0x000000000232eb70:   000000000252835d 000000076b982310
0x000000000232eb80:   000000000232eb80 0000000000000000 

Instructions: (pc=0x00007ffd3408697c)
0x00007ffd3408695c:   
[error occurred during error reporting (printing registers, top of stack, instructions near pc), id 0xc0000005]

Register to memory mapping:

RAX=0x0000000000000000 is an unknown value
RBX=0x00000000005e5460 is an unknown value
RCX=0x00007ffd616119c4 is an unknown value
RDX=0x0000000000000000 is an unknown value
RSP=0x000000000232ea90 is pointing into the stack for thread: 0x0000000002423800
RBP=0x000000007cb21c1f is an unknown value
RSI=0x0000000000000000 is an unknown value
RDI=0x0000000000000000 is an unknown value
R8 =0x000000000232ea88 is pointing into the stack for thread: 0x0000000002423800
R9 =0x000000007cb21c1f is an unknown value
R10=0x0000000000000000 is an unknown value
R11=0x0000000000000246 is an unknown value
R12=0x0000000000000000 is an unknown value
R13={method} {0x000000001bc04618} 'initOps' '(III)V' in 'sun/java2d/d3d/D3DSurfaceData'
R14=0x000000000232ebf8 is pointing into the stack for thread: 0x0000000002423800
R15=0x0000000002423800 is a thread


Stack: [0x0000000002230000,0x0000000002330000],  sp=0x000000000232ea90,  free space=1018k
Native frames: (J=compiled Java code, j=interpreted, Vv=VM code, C=native code)
C  0x00007ffd3408697c

Java frames: (J=compiled Java code, j=interpreted, Vv=VM code)
j  sun.java2d.d3d.D3DSurfaceData.initOps(III)V+0
j  sun.java2d.d3d.D3DSurfaceData.<init>(Lsun/awt/windows/WComponentPeer;Lsun/java2d/d3d/D3DGraphicsConfig;IILjava/awt/Image;Ljava/awt/image/ColorModel;IILsun/java2d/pipe/hw/ExtendedBufferCapabilities$VSyncType;I)V+76
j  sun.java2d.d3d.D3DSurfaceData.createData(Lsun/java2d/d3d/D3DGraphicsConfig;IILjava/awt/image/ColorModel;Ljava/awt/Image;I)Lsun/java2d/d3d/D3DSurfaceData;+70
j  sun.java2d.d3d.D3DGraphicsConfig.createManagedSurface(III)Lsun/java2d/SurfaceData;+10
j  sun.java2d.d3d.D3DSurfaceDataProxy.validateSurfaceData(Lsun/java2d/SurfaceData;Lsun/java2d/SurfaceData;II)Lsun/java2d/SurfaceData;+22
j  sun.java2d.SurfaceDataProxy.replaceData(Lsun/java2d/SurfaceData;ILsun/java2d/loops/CompositeType;Ljava/awt/Color;)Lsun/java2d/SurfaceData;+191
j  sun.java2d.SurfaceData.getSourceSurfaceData(Ljava/awt/Image;ILsun/java2d/loops/CompositeType;Ljava/awt/Color;)Lsun/java2d/SurfaceData;+102
j  sun.java2d.pipe.DrawImage.renderImageCopy(Lsun/java2d/SunGraphics2D;Ljava/awt/Image;Ljava/awt/Color;IIIIII)Z+24
j  sun.java2d.pipe.DrawImage.copyImage(Lsun/java2d/SunGraphics2D;Ljava/awt/Image;IILjava/awt/Color;)Z+45
j  sun.java2d.pipe.DrawImage.copyImage(Lsun/java2d/SunGraphics2D;Ljava/awt/Image;IILjava/awt/Color;Ljava/awt/image/ImageObserver;)Z+15
j  sun.java2d.pipe.ValidatePipe.copyImage(Lsun/java2d/SunGraphics2D;Ljava/awt/Image;IILjava/awt/Color;Ljava/awt/image/ImageObserver;)Z+21
j  sun.java2d.SunGraphics2D.drawImage(Ljava/awt/Image;IILjava/awt/Color;Ljava/awt/image/ImageObserver;)Z+66
j  sun.java2d.SunGraphics2D.drawImage(Ljava/awt/Image;IILjava/awt/image/ImageObserver;)Z+7
j  com.Dessertion.jth.entity.Player.render(Ljava/awt/Graphics;)V+36
j  com.Dessertion.jth.Game.renderSprites(Ljava/awt/Graphics;)V+23
j  com.Dessertion.jth.Game.render()V+10
j  com.Dessertion.jth.Core.run()V+148
j  com.Dessertion.jth.Core.start()V+6
j  com.Dessertion.jth.Core.main([Ljava/lang/String;)V+15
v  ~StubRoutines::call_stub

---------------  P R O C E S S  ---------------

Java Threads: ( => current thread )
  0x000000001efea800 JavaThread "AWT-EventQueue-0" [_thread_blocked, id=18724, stack(0x0000000026900000,0x0000000026a00000)]
  0x000000001efbd000 JavaThread "AWT-Shutdown" [_thread_blocked, id=22436, stack(0x000000001f800000,0x000000001f900000)]
  0x000000001efbc800 JavaThread "Java2D Disposer" daemon [_thread_blocked, id=14304, stack(0x000000001f700000,0x000000001f800000)]
  0x000000001e08d000 JavaThread "Thread-0" daemon [_thread_blocked, id=12400, stack(0x000000001ecc0000,0x000000001edc0000)]
  0x000000001df8a000 JavaThread "Service Thread" daemon [_thread_blocked, id=18080, stack(0x000000001eac0000,0x000000001ebc0000)]
  0x000000001df0f000 JavaThread "C1 CompilerThread3" daemon [_thread_blocked, id=1940, stack(0x000000001e9c0000,0x000000001eac0000)]
  0x000000001df00000 JavaThread "C2 CompilerThread2" daemon [_thread_blocked, id=18836, stack(0x000000001e8c0000,0x000000001e9c0000)]
  0x000000001deff000 JavaThread "C2 CompilerThread1" daemon [_thread_blocked, id=22440, stack(0x000000001e7c0000,0x000000001e8c0000)]
  0x000000001defc800 JavaThread "C2 CompilerThread0" daemon [_thread_blocked, id=14320, stack(0x000000001e6c0000,0x000000001e7c0000)]
  0x000000001def9800 JavaThread "Attach Listener" daemon [_thread_blocked, id=20552, stack(0x000000001e5c0000,0x000000001e6c0000)]
  0x000000001def8800 JavaThread "Signal Dispatcher" daemon [_thread_blocked, id=19588, stack(0x000000001e4c0000,0x000000001e5c0000)]
  0x000000001def0800 JavaThread "Finalizer" daemon [_thread_blocked, id=25752, stack(0x000000001e2d0000,0x000000001e3d0000)]
  0x0000000002518000 JavaThread "Reference Handler" daemon [_thread_blocked, id=27576, stack(0x000000001ddd0000,0x000000001ded0000)]
=>0x0000000002423800 JavaThread "main" [_thread_in_native, id=25416, stack(0x0000000002230000,0x0000000002330000)]

Other Threads:
  0x000000001bfe9000 VMThread [stack: 0x000000001dcd0000,0x000000001ddd0000] [id=20136]
  0x000000001dfb5800 WatcherThread [stack: 0x000000001ebc0000,0x000000001ecc0000] [id=22468]

VM state:not at safepoint (normal execution)

VM Mutex/Monitor currently owned by a thread: None

Heap:
 PSYoungGen      total 76288K, used 15745K [0x000000076ad80000, 0x0000000770280000, 0x00000007c0000000)
  eden space 65536K, 24% used [0x000000076ad80000,0x000000076bce04b0,0x000000076ed80000)
  from space 10752K, 0% used [0x000000076f800000,0x000000076f800000,0x0000000770280000)
  to   space 10752K, 0% used [0x000000076ed80000,0x000000076ed80000,0x000000076f800000)
 ParOldGen       total 175104K, used 0K [0x00000006c0800000, 0x00000006cb300000, 0x000000076ad80000)
  object space 175104K, 0% used [0x00000006c0800000,0x00000006c0800000,0x00000006cb300000)
 Metaspace       used 9526K, capacity 9736K, committed 9984K, reserved 1058816K
  class space    used 1152K, capacity 1222K, committed 1280K, reserved 1048576K

Card table byte_map: [0x00000000118e0000,0x00000000120e0000] byte_map_base: 0x000000000e2dc000

Marking Bits: (ParMarkBitMap*) 0x000000005ec5f860
 Begin Bits: [0x0000000012e40000, 0x0000000016e20000)
 End Bits:   [0x0000000016e20000, 0x000000001ae00000)

Polling page: 0x0000000000a10000

CodeCache: size=245760Kb used=2243Kb max_used=2243Kb free=243516Kb
 bounds [0x0000000002520000, 0x0000000002790000, 0x0000000011520000]
 total_blobs=1045 nmethods=571 adapters=387
 compilation: enabled

Compilation events (10 events):
Event: 1.658 Thread 0x000000001df0f000  567       3       java.lang.String::<init> (15 bytes)
Event: 1.659 Thread 0x000000001df0f000 nmethod 567 0x000000000274f8d0 code [0x000000000274fa60, 0x000000000274fe48]
Event: 1.678 Thread 0x000000001df0f000  568       3       sun.java2d.SurfaceData::getNativeOps (5 bytes)
Event: 1.678 Thread 0x000000001df0f000 nmethod 568 0x0000000002750010 code [0x0000000002750160, 0x00000000027502b0]
Event: 1.692 Thread 0x000000001df0f000  569       3       java.util.Vector::<init> (49 bytes)
Event: 1.692 Thread 0x000000001df0f000 nmethod 569 0x0000000002750310 code [0x0000000002750500, 0x0000000002750ef8]
Event: 1.693 Thread 0x000000001df0f000  570       3       java.util.Vector::<init> (7 bytes)
Event: 1.693 Thread 0x000000001df0f000 nmethod 570 0x0000000002751390 code [0x0000000002751500, 0x0000000002751688]
Event: 1.693 Thread 0x000000001df0f000  571       1       java.awt.color.ColorSpace::getType (5 bytes)
Event: 1.693 Thread 0x000000001df0f000 nmethod 571 0x0000000002751710 code [0x0000000002751860, 0x0000000002751970]

GC Heap History (0 events):
No events

Deoptimization events (0 events):
No events

Classes redefined (0 events):
No events

Internal exceptions (10 events):
Event: 0.034 Thread 0x0000000002423800 Exception <a 'java/lang/NoSuchMethodError': Method sun.misc.Unsafe.defineClass(Ljava/lang/String;[BII)Ljava/lang/Class; name or signature does not match> (0x000000076ad87ca0) thrown at [C:\re\workspace\8-2-build-windows-amd64-cygwin\jdk8u161\10277\hotspot
Event: 0.034 Thread 0x0000000002423800 Exception <a 'java/lang/NoSuchMethodError': Method sun.misc.Unsafe.prefetchRead(Ljava/lang/Object;J)V name or signature does not match> (0x000000076ad87f88) thrown at [C:\re\workspace\8-2-build-windows-amd64-cygwin\jdk8u161\10277\hotspot\src\share\vm\prim
Event: 0.140 Thread 0x0000000002423800 Exception <a 'java/security/PrivilegedActionException'> (0x000000076ae43028) thrown at [C:\re\workspace\8-2-build-windows-amd64-cygwin\jdk8u161\10277\hotspot\src\share\vm\prims\jvm.cpp, line 1390]
Event: 0.140 Thread 0x0000000002423800 Exception <a 'java/security/PrivilegedActionException'> (0x000000076ae43238) thrown at [C:\re\workspace\8-2-build-windows-amd64-cygwin\jdk8u161\10277\hotspot\src\share\vm\prims\jvm.cpp, line 1390]
Event: 0.141 Thread 0x0000000002423800 Exception <a 'java/security/PrivilegedActionException'> (0x000000076ae46ea8) thrown at [C:\re\workspace\8-2-build-windows-amd64-cygwin\jdk8u161\10277\hotspot\src\share\vm\prims\jvm.cpp, line 1390]
Event: 0.141 Thread 0x0000000002423800 Exception <a 'java/security/PrivilegedActionException'> (0x000000076ae470b8) thrown at [C:\re\workspace\8-2-build-windows-amd64-cygwin\jdk8u161\10277\hotspot\src\share\vm\prims\jvm.cpp, line 1390]
Event: 0.146 Thread 0x0000000002423800 Exception <a 'java/io/FileNotFoundException'> (0x000000076ae4cc00) thrown at [C:\re\workspace\8-2-build-windows-amd64-cygwin\jdk8u161\10277\hotspot\src\share\vm\prims\jni.cpp, line 709]
Event: 0.176 Thread 0x0000000002423800 Exception <a 'java/lang/NoSuchFieldError': method resolution failed> (0x000000076b065208) thrown at [C:\re\workspace\8-2-build-windows-amd64-cygwin\jdk8u161\10277\hotspot\src\share\vm\prims\methodHandles.cpp, line 1167]
Event: 0.178 Thread 0x0000000002423800 Exception <a 'java/lang/NoSuchFieldError': method resolution failed> (0x000000076b0725d8) thrown at [C:\re\workspace\8-2-build-windows-amd64-cygwin\jdk8u161\10277\hotspot\src\share\vm\prims\methodHandles.cpp, line 1167]
Event: 0.246 Thread 0x0000000002423800 Exception <a 'java/io/FileNotFoundException'> (0x000000076b2a3ba8) thrown at [C:\re\workspace\8-2-build-windows-amd64-cygwin\jdk8u161\10277\hotspot\src\share\vm\prims\jni.cpp, line 709]

Events (10 events):
Event: 1.678 loading class java/util/WeakHashMap$KeyIterator
Event: 1.678 Thread 0x000000001f095800 Thread exited: 0x000000001f095800
Event: 1.678 Thread 0x000000001f044000 Thread exited: 0x000000001f044000
Event: 1.678 loading class java/util/WeakHashMap$HashIterator
Event: 1.678 loading class java/util/WeakHashMap$HashIterator done
Event: 1.678 loading class java/util/WeakHashMap$KeyIterator done
Event: 1.678 Thread 0x000000001f094800 Thread exited: 0x000000001f094800
Event: 1.678 loading class sun/java2d/pipe/hw/AccelDeviceEventNotifier
Event: 1.679 loading class sun/java2d/pipe/hw/AccelDeviceEventNotifier done
Event: 1.710 Thread 0x000000001efbe000 Thread exited: 0x000000001efbe000


Dynamic libraries:
0x00007ff632b70000 - 0x00007ff632ba7000 	C:\Program Files\Java\jre1.8.0_161\bin\javaw.exe
0x00007ffd64f60000 - 0x00007ffd65141000 	C:\WINDOWS\SYSTEM32\ntdll.dll
0x00007ffd64e70000 - 0x00007ffd64f22000 	C:\WINDOWS\System32\KERNEL32.DLL
0x00007ffd61390000 - 0x00007ffd61603000 	C:\WINDOWS\System32\KERNELBASE.dll
0x00007ffd64c80000 - 0x00007ffd64d21000 	C:\WINDOWS\System32\ADVAPI32.dll
0x00007ffd64a30000 - 0x00007ffd64ace000 	C:\WINDOWS\System32\msvcrt.dll
0x00007ffd624b0000 - 0x00007ffd6250b000 	C:\WINDOWS\System32\sechost.dll
0x00007ffd64ae0000 - 0x00007ffd64c04000 	C:\WINDOWS\System32\RPCRT4.dll
0x00007ffd647d0000 - 0x00007ffd64960000 	C:\WINDOWS\System32\USER32.dll
0x00007ffd61610000 - 0x00007ffd61630000 	C:\WINDOWS\System32\win32u.dll
0x00007ffd62510000 - 0x00007ffd62538000 	C:\WINDOWS\System32\GDI32.dll
0x00007ffd61860000 - 0x00007ffd619f2000 	C:\WINDOWS\System32\gdi32full.dll
0x00007ffd61a00000 - 0x00007ffd61a9f000 	C:\WINDOWS\System32\msvcp_win.dll
0x00007ffd61760000 - 0x00007ffd6185a000 	C:\WINDOWS\System32\ucrtbase.dll
0x00007ffd5a1b0000 - 0x00007ffd5a419000 	C:\WINDOWS\WinSxS\amd64_microsoft.windows.common-controls_6595b64144ccf1df_6.0.17134.407_none_fb449d63306391e9\COMCTL32.dll
0x00007ffd63060000 - 0x00007ffd63382000 	C:\WINDOWS\System32\combase.dll
0x00007ffd61630000 - 0x00007ffd616aa000 	C:\WINDOWS\System32\bcryptPrimitives.dll
0x00007ffd62d80000 - 0x00007ffd62dad000 	C:\WINDOWS\System32\IMM32.DLL
0x0000000060c30000 - 0x0000000060d02000 	C:\Program Files\Java\jre1.8.0_161\bin\msvcr100.dll
0x000000005e440000 - 0x000000005ecdf000 	C:\Program Files\Java\jre1.8.0_161\bin\server\jvm.dll
0x00007ffd64ad0000 - 0x00007ffd64ad8000 	C:\WINDOWS\System32\PSAPI.DLL
0x00007ffd596f0000 - 0x00007ffd596fa000 	C:\WINDOWS\SYSTEM32\VERSION.dll
0x00007ffd4f460000 - 0x00007ffd4f469000 	C:\WINDOWS\SYSTEM32\WSOCK32.dll
0x00007ffd5a480000 - 0x00007ffd5a4a3000 	C:\WINDOWS\SYSTEM32\WINMM.dll
0x00007ffd62ff0000 - 0x00007ffd6305c000 	C:\WINDOWS\System32\WS2_32.dll
0x00007ffd5a450000 - 0x00007ffd5a47a000 	C:\WINDOWS\SYSTEM32\WINMMBASE.dll
0x00007ffd621b0000 - 0x00007ffd621f9000 	C:\WINDOWS\System32\cfgmgr32.dll
0x000000005e430000 - 0x000000005e43f000 	C:\Program Files\Java\jre1.8.0_161\bin\verify.dll
0x000000005e400000 - 0x000000005e429000 	C:\Program Files\Java\jre1.8.0_161\bin\java.dll
0x000000005e3b0000 - 0x000000005e3c6000 	C:\Program Files\Java\jre1.8.0_161\bin\zip.dll
0x00007ffd63390000 - 0x00007ffd647cf000 	C:\WINDOWS\System32\SHELL32.dll
0x00007ffd64dc0000 - 0x00007ffd64e69000 	C:\WINDOWS\System32\shcore.dll
0x00007ffd61aa0000 - 0x00007ffd621ad000 	C:\WINDOWS\System32\windows.storage.dll
0x00007ffd62450000 - 0x00007ffd624a1000 	C:\WINDOWS\System32\shlwapi.dll
0x00007ffd612c0000 - 0x00007ffd612d1000 	C:\WINDOWS\System32\kernel.appcore.dll
0x00007ffd612e0000 - 0x00007ffd612ff000 	C:\WINDOWS\System32\profapi.dll
0x00007ffd61270000 - 0x00007ffd612bc000 	C:\WINDOWS\System32\powrprof.dll
0x00007ffd61300000 - 0x00007ffd6130a000 	C:\WINDOWS\System32\FLTLIB.DLL
0x000000005e1d0000 - 0x000000005e368000 	C:\Program Files\Java\jre1.8.0_161\bin\awt.dll
0x00007ffd64960000 - 0x00007ffd64a22000 	C:\WINDOWS\System32\OLEAUT32.dll
0x00007ffd5f550000 - 0x00007ffd5f5db000 	C:\WINDOWS\SYSTEM32\apphelp.dll
0x00007ffd5f980000 - 0x00007ffd5fa18000 	C:\WINDOWS\system32\uxtheme.dll
0x00007ffd62990000 - 0x00007ffd62b03000 	C:\WINDOWS\System32\MSCTF.dll
0x00007ffd5fd50000 - 0x00007ffd5fd79000 	C:\WINDOWS\system32\dwmapi.dll
0x00007ffd62c00000 - 0x00007ffd62d51000 	C:\WINDOWS\System32\ole32.dll
0x00007ffd4b650000 - 0x00007ffd4b770000 	C:\WINDOWS\system32\opengl32.dll
0x00007ffd5bdd0000 - 0x00007ffd5bdfc000 	C:\WINDOWS\SYSTEM32\GLU32.dll
0x000000005e180000 - 0x000000005e1c7000 	C:\Program Files\Java\jre1.8.0_161\bin\fontmanager.dll
0x00007ffd57890000 - 0x00007ffd57926000 	C:\WINDOWS\System32\TextInputFramework.dll
0x00007ffd59cb0000 - 0x00007ffd59fce000 	C:\WINDOWS\System32\CoreUIComponents.dll
0x00007ffd5f310000 - 0x00007ffd5f3ea000 	C:\WINDOWS\System32\CoreMessaging.dll
0x00007ffd5d460000 - 0x00007ffd5d5ad000 	C:\WINDOWS\SYSTEM32\wintypes.dll
0x00007ffd60410000 - 0x00007ffd60441000 	C:\WINDOWS\SYSTEM32\ntmarta.dll
0x00007ffd60c40000 - 0x00007ffd60c57000 	C:\WINDOWS\SYSTEM32\CRYPTSP.dll
0x00007ffd60670000 - 0x00007ffd606a3000 	C:\WINDOWS\system32\rsaenh.dll
0x00007ffd60d70000 - 0x00007ffd60d95000 	C:\WINDOWS\SYSTEM32\bcrypt.dll
0x00007ffd611a0000 - 0x00007ffd611c8000 	C:\WINDOWS\SYSTEM32\USERENV.dll
0x00007ffd60c60000 - 0x00007ffd60c6b000 	C:\WINDOWS\SYSTEM32\CRYPTBASE.dll
0x000000005e390000 - 0x000000005e3aa000 	C:\Program Files\Java\jre1.8.0_161\bin\net.dll
0x00007ffd60a90000 - 0x00007ffd60af6000 	C:\WINDOWS\system32\mswsock.dll
0x00007ffd60810000 - 0x00007ffd60848000 	C:\WINDOWS\SYSTEM32\IPHLPAPI.DLL
0x00007ffd64c70000 - 0x00007ffd64c78000 	C:\WINDOWS\System32\NSI.dll
0x00007ffd55800000 - 0x00007ffd55816000 	C:\WINDOWS\SYSTEM32\dhcpcsvc6.DLL
0x00007ffd557e0000 - 0x00007ffd557fa000 	C:\WINDOWS\SYSTEM32\dhcpcsvc.DLL
0x000000005e370000 - 0x000000005e381000 	C:\Program Files\Java\jre1.8.0_161\bin\nio.dll
0x00007ffd55320000 - 0x00007ffd554e9000 	C:\WINDOWS\SYSTEM32\dbghelp.dll

VM Arguments:
jvm_args: -Dfile.encoding=Cp1252 
java_command: com.Dessertion.jth.Core
java_class_path (initial): C:\Program Files\Java\jre1.8.0_161\lib\resources.jar;C:\Program Files\Java\jre1.8.0_161\lib\rt.jar;C:\Program Files\Java\jre1.8.0_161\lib\jsse.jar;C:\Program Files\Java\jre1.8.0_161\lib\jce.jar;C:\Program Files\Java\jre1.8.0_161\lib\charsets.jar;C:\Program Files\Java\jre1.8.0_161\lib\jfr.jar;C:\Program Files\Java\jre1.8.0_161\lib\ext\access-bridge-64.jar;C:\Program Files\Java\jre1.8.0_161\lib\ext\cldrdata.jar;C:\Program Files\Java\jre1.8.0_161\lib\ext\dnsns.jar;C:\Program Files\Java\jre1.8.0_161\lib\ext\jaccess.jar;C:\Program Files\Java\jre1.8.0_161\lib\ext\jfxrt.jar;C:\Program Files\Java\jre1.8.0_161\lib\ext\localedata.jar;C:\Program Files\Java\jre1.8.0_161\lib\ext\nashorn.jar;C:\Program Files\Java\jre1.8.0_161\lib\ext\sunec.jar;C:\Program Files\Java\jre1.8.0_161\lib\ext\sunjce_provider.jar;C:\Program Files\Java\jre1.8.0_161\lib\ext\sunmscapi.jar;C:\Program Files\Java\jre1.8.0_161\lib\ext\sunpkcs11.jar;C:\Program Files\Java\jre1.8.0_161\lib\ext\zipfs.jar;D:\JavaEclipseEnvironment2\jtouhou\bin
Launcher Type: SUN_STANDARD

Environment Variables:
JAVA_HOME=C:\Program Files (x86)\Java\jdk1.8.0_11
USERNAME=Pootis Spencer
OS=Windows_NT
PROCESSOR_IDENTIFIER=Intel64 Family 6 Model 42 Stepping 7, GenuineIntel



---------------  S Y S T E M  ---------------

OS: Windows 10.0 , 64 bit Build 17134 (10.0.17134.1)

CPU:total 8 (initial active 8) (4 cores per cpu, 2 threads per core) family 6 model 42 stepping 7, cmov, cx8, fxsr, mmx, sse, sse2, sse3, ssse3, sse4.1, sse4.2, popcnt, avx, aes, clmul, ht, tsc, tscinvbit

Memory: 4k page, physical 16743564k(3946928k free), swap 33637188k(4472164k free)

vm_info: Java HotSpot(TM) 64-Bit Server VM (25.161-b12) for windows-amd64 JRE (1.8.0_161-b12), built on Dec 19 2017 17:52:25 by "java_re" with MS VC++ 10.0 (VS2010)

time: Sun Dec 02 13:32:47 2018
elapsed time: 1 seconds (0d 0h 0m 1s)

